#
# There is insufficient memory for the Java Runtime Environment to continue.
# Native memory allocation (malloc) failed to allocate 65552 bytes for Chunk::new
# Possible reasons:
#   The system is out of physical RAM or swap space
#   The process is running with CompressedOops enabled, and the Java Heap may be blocking the growth of the native heap
# Possible solutions:
#   Reduce memory load on the system
#   Increase physical memory or swap space
#   Check if swap backing store is full
#   Decrease Java heap size (-Xmx/-Xms)
#   Decrease number of Java threads
#   Decrease Java thread stack sizes (-Xss)
#   Set larger code cache with -XX:ReservedCodeCacheSize=
#   JVM is running with Unscaled Compressed Oops mode in which the Java heap is
#     placed in the first 4GB address space. The Java Heap base address is the
#     maximum limit for the native heap growth. Please use -XX:HeapBaseMinAddress
#     to set the Java Heap base and to place the Java Heap above 4GB virtual address.
# This output file may be truncated or incomplete.
#
#  Out of Memory Error (allocation.cpp:389), pid=4428, tid=0x0000000000002028
#
# JRE version: OpenJDK Runtime Environment (8.0_242-b01) (build 1.8.0_242-release-1644-b01)
# Java VM: OpenJDK 64-Bit Server VM (25.242-b01 mixed mode windows-amd64 compressed oops)
# Failed to write core dump. Minidumps are not enabled by default on client versions of Windows
#

---------------  T H R E A D  ---------------

Current thread (0x0000000017931800):  JavaThread "C2 CompilerThread0" daemon [_thread_in_native, id=8232, stack(0x0000000018fa0000,0x00000000190a0000)]

Stack: [0x0000000018fa0000,0x00000000190a0000]
[error occurred during error reporting (printing stack bounds), id 0xc0000005]

Native frames: (J=compiled Java code, j=interpreted, Vv=VM code, C=native code)


Current CompileTask:
C2:1299009 17981 %     4       com.android.tools.r8.ir.regalloc.a::a @ 66 (952 bytes)


---------------  P R O C E S S  ---------------

Java Threads: ( => current thread )
  0x000000001f369000 JavaThread "Cache worker for Java compile cache (C:\Users\hamat\AndroidStudioProjects\PracticeProject\.gradle\6.1.1\javaCompile)" [_thread_blocked, id=14056, stack(0x0000000028290000,0x0000000028390000)]
  0x000000001e1e2800 JavaThread "Cache worker for Java compile cache (C:\Users\hamat\.gradle\caches\6.1.1\javaCompile)" [_thread_blocked, id=7272, stack(0x000000001ce10000,0x000000001cf10000)]
  0x000000001e1e1800 JavaThread "WorkerExecutor Queue Thread 5" [_thread_blocked, id=11700, stack(0x0000000027d90000,0x0000000027e90000)]
  0x000000001e1d9800 JavaThread "WorkerExecutor Queue Thread 3" [_thread_blocked, id=14944, stack(0x0000000027c90000,0x0000000027d90000)]
  0x000000001e1df800 JavaThread "WorkerExecutor Queue Thread 2" [_thread_blocked, id=6456, stack(0x0000000027b90000,0x0000000027c90000)]
  0x000000001e1dc800 JavaThread "stdout" [_thread_in_native, id=11304, stack(0x0000000027790000,0x0000000027890000)]
  0x000000001e1e0000 JavaThread "stderr" [_thread_in_native, id=7844, stack(0x0000000027690000,0x0000000027790000)]
  0x000000001e1d7000 JavaThread "pool-4-thread-1" [_thread_blocked, id=4492, stack(0x0000000027190000,0x0000000027290000)]
  0x000000001e1db000 JavaThread "WorkerExecutor Queue" [_thread_blocked, id=13236, stack(0x0000000026e90000,0x0000000026f90000)]
  0x000000001e1d3800 JavaThread "Cache worker for execution history cache (C:\Users\hamat\AndroidStudioProjects\PracticeProject\.gradle\6.1.1\executionHistory)" [_thread_blocked, id=13632, stack(0x0000000026860000,0x0000000026960000)]
  0x000000001e1d8800 JavaThread "Execution worker for ':' Thread 3" [_thread_in_native, id=2336, stack(0x0000000026b90000,0x0000000026c90000)]
  0x000000001e1d8000 JavaThread "Execution worker for ':' Thread 2" [_thread_in_Java, id=924, stack(0x0000000026a90000,0x0000000026b90000)]
  0x000000001e1d6800 JavaThread "Execution worker for ':'" [_thread_in_Java, id=4888, stack(0x0000000026990000,0x0000000026a90000)]
  0x000000001ac43800 JavaThread "Cache worker for file content cache (C:\Users\hamat\AndroidStudioProjects\PracticeProject\.gradle\6.1.1\fileContent)" [_thread_blocked, id=9636, stack(0x0000000025740000,0x0000000025840000)]
  0x000000001ac42000 JavaThread "Cache worker for file content cache (C:\Users\hamat\.gradle\caches\6.1.1\fileContent)" [_thread_blocked, id=7800, stack(0x0000000025640000,0x0000000025740000)]
  0x000000001ac40800 JavaThread "Memory manager" [_thread_blocked, id=11772, stack(0x0000000025540000,0x0000000025640000)]
  0x000000001ac44800 JavaThread "Cache worker for Build Output Cleanup Cache (C:\Users\hamat\AndroidStudioProjects\PracticeProject\.gradle\buildOutputCleanup)" [_thread_blocked, id=10660, stack(0x0000000024710000,0x0000000024810000)]
  0x000000001ac41800 JavaThread "pool-3-thread-1" [_thread_blocked, id=9120, stack(0x0000000022c40000,0x0000000022d40000)]
  0x000000001f371800 JavaThread "Build operations Thread 4" [_thread_blocked, id=12360, stack(0x0000000022740000,0x0000000022840000)]
  0x000000001f36f000 JavaThread "Build operations Thread 3" [_thread_blocked, id=7672, stack(0x0000000022240000,0x0000000022340000)]
  0x000000001f36a000 JavaThread "Build operations Thread 2" [_thread_blocked, id=15144, stack(0x0000000022140000,0x0000000022240000)]
  0x000000001f370800 JavaThread "Build operations" [_thread_blocked, id=15176, stack(0x0000000022040000,0x0000000022140000)]
  0x000000001f370000 JavaThread "Cache worker for cache directory md-rule (C:\Users\hamat\.gradle\caches\6.1.1\md-rule)" [_thread_blocked, id=9124, stack(0x0000000021af0000,0x0000000021bf0000)]
  0x000000001f36e800 JavaThread "Cache worker for cache directory md-supplier (C:\Users\hamat\.gradle\caches\6.1.1\md-supplier)" [_thread_blocked, id=7732, stack(0x000000001fab0000,0x000000001fbb0000)]
  0x000000001f36d800 JavaThread "Cache worker for file hash cache (C:\Users\hamat\AndroidStudioProjects\PracticeProject\.gradle\6.1.1\fileHashes)" [_thread_blocked, id=13028, stack(0x000000001f9b0000,0x000000001fab0000)]
  0x000000001f36d000 JavaThread "Cache worker for checksums cache (C:\Users\hamat\AndroidStudioProjects\PracticeProject\.gradle\checksums)" [_thread_blocked, id=15080, stack(0x000000001d210000,0x000000001d310000)]
  0x000000001f362800 JavaThread "Thread-28" [_thread_blocked, id=7148, stack(0x000000001cf10000,0x000000001d010000)]
  0x000000001f365800 JavaThread "Asynchronous log dispatcher for DefaultDaemonConnection: socket connection from /127.0.0.1:10338 to /127.0.0.1:10345" [_thread_blocked, id=6780, stack(0x000000001cb10000,0x000000001cc10000)]
  0x000000001f366000 JavaThread "Daemon worker Thread 2" [_thread_in_Java, id=13268, stack(0x000000001ca10000,0x000000001cb10000)]
  0x000000001f364000 JavaThread "Cancel handler" [_thread_blocked, id=6056, stack(0x0000000001160000,0x0000000001260000)]
  0x000000001f367800 JavaThread "Handler for socket connection from /127.0.0.1:10338 to /127.0.0.1:10345" [_thread_in_native, id=5552, stack(0x0000000001040000,0x0000000001140000)]
  0x000000001f367000 JavaThread "Daemon Thread 2" [_thread_blocked, id=800, stack(0x0000000000e40000,0x0000000000f40000)]
  0x000000001ac46800 JavaThread "Cache worker for execution history cache (C:\Users\hamat\.gradle\caches\6.1.1\executionHistory)" [_thread_in_Java, id=5036, stack(0x00000000211f0000,0x00000000212f0000)]
  0x000000001ac47800 JavaThread "Cache worker for file hash cache (C:\Users\hamat\.gradle\caches\6.1.1\fileHashes)" [_thread_blocked, id=3812, stack(0x000000001d710000,0x000000001d810000)]
  0x000000001ac43000 JavaThread "File lock request listener" [_thread_in_native, id=6968, stack(0x000000001d610000,0x000000001d710000)]
  0x000000001a9ad000 JavaThread "Cache worker for journal cache (C:\Users\hamat\.gradle\caches\journal-1)" [_thread_blocked, id=12884, stack(0x000000001d510000,0x000000001d610000)]
  0x000000001b484000 JavaThread "Daemon periodic checks" [_thread_blocked, id=9864, stack(0x000000001c910000,0x000000001ca10000)]
  0x000000001b2bd800 JavaThread "Incoming local TCP Connector on port 10338" [_thread_in_native, id=12012, stack(0x00000000199a0000,0x0000000019aa0000)]
  0x000000001935b000 JavaThread "Daemon health stats" [_thread_blocked, id=11400, stack(0x00000000198a0000,0x00000000199a0000)]
  0x00000000192d0800 JavaThread "Service Thread" daemon [_thread_blocked, id=7956, stack(0x00000000196a0000,0x00000000197a0000)]
  0x000000001794b000 JavaThread "C1 CompilerThread2" daemon [_thread_in_native, id=10464, stack(0x00000000191a0000,0x00000000192a0000)]
  0x0000000017933800 JavaThread "C2 CompilerThread1" daemon [_thread_in_native, id=13940, stack(0x00000000190a0000,0x00000000191a0000)]
=>0x0000000017931800 JavaThread "C2 CompilerThread0" daemon [_thread_in_native, id=8232, stack(0x0000000018fa0000,0x00000000190a0000)]
  0x0000000017930000 JavaThread "Attach Listener" daemon [_thread_blocked, id=14328, stack(0x0000000018ea0000,0x0000000018fa0000)]
  0x0000000017935800 JavaThread "Signal Dispatcher" daemon [_thread_blocked, id=8924, stack(0x0000000018da0000,0x0000000018ea0000)]
  0x0000000002d0b000 JavaThread "Finalizer" daemon [_thread_blocked, id=8056, stack(0x0000000018b90000,0x0000000018c90000)]
  0x0000000017919000 JavaThread "Reference Handler" daemon [_thread_blocked, id=2108, stack(0x0000000018a90000,0x0000000018b90000)]
  0x0000000002a8d800 JavaThread "main" [_thread_blocked, id=1460, stack(0x0000000002ab0000,0x0000000002bb0000)]

Other Threads:
  0x00000000178f6800 VMThread [stack: 0x0000000018990000,0x0000000018a90000] [id=8696]
  0x00000000192d1000 WatcherThread [stack: 0x00000000197a0000,0x00000000198a0000] [id=12496]

VM state:not at safepoint (normal execution)

VM Mutex/Monitor currently owned by a thread: None

heap address: 0x0000000080000000, size: 2048 MB, Compressed Oops mode: 32-bit
Narrow klass base: 0x0000000000000000, Narrow klass shift: 3
Compressed class space size: 1073741824 Address: 0x0000000100000000

Heap:
 PSYoungGen      total 382976K, used 158340K [0x00000000d5580000, 0x00000000eef00000, 0x0000000100000000)
  eden space 345088K, 42% used [0x00000000d5580000,0x00000000de40e3c0,0x00000000ea680000)
  from space 37888K, 32% used [0x00000000eca00000,0x00000000ed612e68,0x00000000eef00000)
  to   space 36352K, 0% used [0x00000000ea680000,0x00000000ea680000,0x00000000eca00000)
 ParOldGen       total 217600K, used 99689K [0x0000000080000000, 0x000000008d480000, 0x00000000d5580000)
  object space 217600K, 45% used [0x0000000080000000,0x000000008615a590,0x000000008d480000)
 Metaspace       used 99053K, capacity 103780K, committed 103976K, reserved 1138688K
  class space    used 12953K, capacity 13851K, committed 13864K, reserved 1048576K

Card table byte_map: [0x00000000120d0000,0x00000000124e0000] byte_map_base: 0x0000000011cd0000

Marking Bits: (ParMarkBitMap*) 0x000000005f97f030
 Begin Bits: [0x0000000012b90000, 0x0000000014b90000)
 End Bits:   [0x0000000014b90000, 0x0000000016b90000)

Polling page: 0x0000000002a70000

CodeCache: size=245760Kb used=55865Kb max_used=55865Kb free=189894Kb
 bounds [0x0000000002d10000, 0x00000000063e0000, 0x0000000011d10000]
 total_blobs=16686 nmethods=15812 adapters=786
 compilation: enabled

Compilation events (10 events):
Event: 1298.365 Thread 0x000000001794b000 19206       2       java.util.IdentityHashMap$KeySpliterator::characteristics (30 bytes)
Event: 1298.365 Thread 0x000000001794b000 nmethod 19206 0x000000000598da90 code [0x000000000598dbe0, 0x000000000598dd70]
Event: 1298.365 Thread 0x000000001794b000 19207 %     3       com.android.tools.r8.ir.regalloc.a::a @ 192 (1155 bytes)
Event: 1298.375 Thread 0x000000001794b000 nmethod 19207% 0x0000000005983d50 code [0x0000000005984600, 0x0000000005989aa8]
Event: 1298.400 Thread 0x000000001794b000 19209       2       com.android.tools.r8.ir.optimize.info.r::c (15 bytes)
Event: 1298.401 Thread 0x000000001794b000 nmethod 19209 0x0000000005983a10 code [0x0000000005983b60, 0x0000000005983cd0]
Event: 1298.401 Thread 0x000000001794b000 19208       2       com.android.tools.r8.u.b.b1::r0 (2 bytes)
Event: 1298.401 Thread 0x000000001794b000 nmethod 19208 0x00000000059836d0 code [0x0000000005983820, 0x0000000005983970]
Event: 1298.402 Thread 0x000000001794b000 19210       3       com.android.tools.r8.ir.optimize.n::a (323 bytes)
Event: 1298.405 Thread 0x000000001794b000 nmethod 19210 0x00000000063ac150 code [0x00000000063ac580, 0x00000000063ae9d8]

GC Heap History (10 events):
Event: 1287.266 GC heap before
{Heap before GC invocations=25 (full 4):
 PSYoungGen      total 317440K, used 287060K [0x00000000d5580000, 0x00000000eb600000, 0x0000000100000000)
  eden space 275456K, 100% used [0x00000000d5580000,0x00000000e6280000,0x00000000e6280000)
  from space 41984K, 27% used [0x00000000e8980000,0x00000000e94d52e0,0x00000000eb280000)
  to   space 39936K, 0% used [0x00000000e6280000,0x00000000e6280000,0x00000000e8980000)
 ParOldGen       total 217600K, used 83291K [0x0000000080000000, 0x000000008d480000, 0x00000000d5580000)
  object space 217600K, 38% used [0x0000000080000000,0x0000000085156c28,0x000000008d480000)
 Metaspace       used 98491K, capacity 103180K, committed 103464K, reserved 1138688K
  class space    used 12920K, capacity 13803K, committed 13864K, reserved 1048576K
Event: 1287.316 GC heap after
Heap after GC invocations=25 (full 4):
 PSYoungGen      total 315392K, used 17467K [0x00000000d5580000, 0x00000000eef80000, 0x0000000100000000)
  eden space 275456K, 0% used [0x00000000d5580000,0x00000000d5580000,0x00000000e6280000)
  from space 39936K, 43% used [0x00000000e6280000,0x00000000e738ecd8,0x00000000e8980000)
  to   space 38400K, 0% used [0x00000000eca00000,0x00000000eca00000,0x00000000eef80000)
 ParOldGen       total 217600K, used 83291K [0x0000000080000000, 0x000000008d480000, 0x00000000d5580000)
  object space 217600K, 38% used [0x0000000080000000,0x0000000085156c28,0x000000008d480000)
 Metaspace       used 98491K, capacity 103180K, committed 103464K, reserved 1138688K
  class space    used 12920K, capacity 13803K, committed 13864K, reserved 1048576K
}
Event: 1288.863 GC heap before
{Heap before GC invocations=26 (full 4):
 PSYoungGen      total 315392K, used 292923K [0x00000000d5580000, 0x00000000eef80000, 0x0000000100000000)
  eden space 275456K, 100% used [0x00000000d5580000,0x00000000e6280000,0x00000000e6280000)
  from space 39936K, 43% used [0x00000000e6280000,0x00000000e738ecd8,0x00000000e8980000)
  to   space 38400K, 0% used [0x00000000eca00000,0x00000000eca00000,0x00000000eef80000)
 ParOldGen       total 217600K, used 83291K [0x0000000080000000, 0x000000008d480000, 0x00000000d5580000)
  object space 217600K, 38% used [0x0000000080000000,0x0000000085156c28,0x000000008d480000)
 Metaspace       used 98758K, capacity 103432K, committed 103464K, reserved 1138688K
  class space    used 12935K, capacity 13837K, committed 13864K, reserved 1048576K
Event: 1288.923 GC heap after
Heap after GC invocations=26 (full 4):
 PSYoungGen      total 382976K, used 13294K [0x00000000d5580000, 0x00000000eef00000, 0x0000000100000000)
  eden space 345088K, 0% used [0x00000000d5580000,0x00000000d5580000,0x00000000ea680000)
  from space 37888K, 35% used [0x00000000eca00000,0x00000000ed6fbb20,0x00000000eef00000)
  to   space 36352K, 0% used [0x00000000ea680000,0x00000000ea680000,0x00000000eca00000)
 ParOldGen       total 217600K, used 87448K [0x0000000080000000, 0x000000008d480000, 0x00000000d5580000)
  object space 217600K, 40% used [0x0000000080000000,0x0000000085566018,0x000000008d480000)
 Metaspace       used 98758K, capacity 103432K, committed 103464K, reserved 1138688K
  class space    used 12935K, capacity 13837K, committed 13864K, reserved 1048576K
}
Event: 1292.056 GC heap before
{Heap before GC invocations=27 (full 4):
 PSYoungGen      total 382976K, used 358382K [0x00000000d5580000, 0x00000000eef00000, 0x0000000100000000)
  eden space 345088K, 100% used [0x00000000d5580000,0x00000000ea680000,0x00000000ea680000)
  from space 37888K, 35% used [0x00000000eca00000,0x00000000ed6fbb20,0x00000000eef00000)
  to   space 36352K, 0% used [0x00000000ea680000,0x00000000ea680000,0x00000000eca00000)
 ParOldGen       total 217600K, used 87448K [0x0000000080000000, 0x000000008d480000, 0x00000000d5580000)
  object space 217600K, 40% used [0x0000000080000000,0x0000000085566018,0x000000008d480000)
 Metaspace       used 98962K, capacity 103686K, committed 103720K, reserved 1138688K
  class space    used 12950K, capacity 13848K, committed 13864K, reserved 1048576K
Event: 1292.160 GC heap after
Heap after GC invocations=27 (full 4):
 PSYoungGen      total 381440K, used 10209K [0x00000000d5580000, 0x00000000eef00000, 0x0000000100000000)
  eden space 345088K, 0% used [0x00000000d5580000,0x00000000d5580000,0x00000000ea680000)
  from space 36352K, 28% used [0x00000000ea680000,0x00000000eb0786d0,0x00000000eca00000)
  to   space 37888K, 0% used [0x00000000eca00000,0x00000000eca00000,0x00000000eef00000)
 ParOldGen       total 217600K, used 90484K [0x0000000080000000, 0x000000008d480000, 0x00000000d5580000)
  object space 217600K, 41% used [0x0000000080000000,0x000000008585d048,0x000000008d480000)
 Metaspace       used 98962K, capacity 103686K, committed 103720K, reserved 1138688K
  class space    used 12950K, capacity 13848K, committed 13864K, reserved 1048576K
}
Event: 1294.358 GC heap before
{Heap before GC invocations=28 (full 4):
 PSYoungGen      total 381440K, used 355297K [0x00000000d5580000, 0x00000000eef00000, 0x0000000100000000)
  eden space 345088K, 100% used [0x00000000d5580000,0x00000000ea680000,0x00000000ea680000)
  from space 36352K, 28% used [0x00000000ea680000,0x00000000eb0786d0,0x00000000eca00000)
  to   space 37888K, 0% used [0x00000000eca00000,0x00000000eca00000,0x00000000eef00000)
 ParOldGen       total 217600K, used 90484K [0x0000000080000000, 0x000000008d480000, 0x00000000d5580000)
  object space 217600K, 41% used [0x0000000080000000,0x000000008585d048,0x000000008d480000)
 Metaspace       used 98996K, capacity 103712K, committed 103976K, reserved 1138688K
  class space    used 12953K, capacity 13851K, committed 13864K, reserved 1048576K
Event: 1294.395 GC heap after
Heap after GC invocations=28 (full 4):
 PSYoungGen      total 382976K, used 9904K [0x00000000d5580000, 0x00000000eef00000, 0x0000000100000000)
  eden space 345088K, 0% used [0x00000000d5580000,0x00000000d5580000,0x00000000ea680000)
  from space 37888K, 26% used [0x00000000eca00000,0x00000000ed3ac1b0,0x00000000eef00000)
  to   space 36352K, 0% used [0x00000000ea680000,0x00000000ea680000,0x00000000eca00000)
 ParOldGen       total 217600K, used 93532K [0x0000000080000000, 0x000000008d480000, 0x00000000d5580000)
  object space 217600K, 42% used [0x0000000080000000,0x0000000085b57088,0x000000008d480000)
 Metaspace       used 98996K, capacity 103712K, committed 103976K, reserved 1138688K
  class space    used 12953K, capacity 13851K, committed 13864K, reserved 1048576K
}
Event: 1297.193 GC heap before
{Heap before GC invocations=29 (full 4):
 PSYoungGen      total 382976K, used 354992K [0x00000000d5580000, 0x00000000eef00000, 0x0000000100000000)
  eden space 345088K, 100% used [0x00000000d5580000,0x00000000ea680000,0x00000000ea680000)
  from space 37888K, 26% used [0x00000000eca00000,0x00000000ed3ac1b0,0x00000000eef00000)
  to   space 36352K, 0% used [0x00000000ea680000,0x00000000ea680000,0x00000000eca00000)
 ParOldGen       total 217600K, used 93532K [0x0000000080000000, 0x000000008d480000, 0x00000000d5580000)
  object space 217600K, 42% used [0x0000000080000000,0x0000000085b57088,0x000000008d480000)
 Metaspace       used 99028K, capacity 103776K, committed 103976K, reserved 1138688K
  class space    used 12953K, capacity 13851K, committed 13864K, reserved 1048576K
Event: 1297.220 GC heap after
Heap after GC invocations=29 (full 4):
 PSYoungGen      total 381440K, used 6961K [0x00000000d5580000, 0x00000000eef00000, 0x0000000100000000)
  eden space 345088K, 0% used [0x00000000d5580000,0x00000000d5580000,0x00000000ea680000)
  from space 36352K, 19% used [0x00000000ea680000,0x00000000ead4c7e8,0x00000000eca00000)
  to   space 37888K, 0% used [0x00000000eca00000,0x00000000eca00000,0x00000000eef00000)
 ParOldGen       total 217600K, used 95586K [0x0000000080000000, 0x000000008d480000, 0x00000000d5580000)
  object space 217600K, 43% used [0x0000000080000000,0x0000000085d58bf0,0x000000008d480000)
 Metaspace       used 99028K, capacity 103776K, committed 103976K, reserved 1138688K
  class space    used 12953K, capacity 13851K, committed 13864K, reserved 1048576K
}

Deoptimization events (10 events):
Event: 1291.024 Thread 0x000000001e1db000 Uncommon trap: reason=bimorphic action=maybe_recompile pc=0x0000000003262494 method=java.security.MessageDigest$Delegate.clone()Ljava/lang/Object; @ 14
Event: 1291.431 Thread 0x000000001e1db000 Uncommon trap: reason=bimorphic action=maybe_recompile pc=0x0000000003262494 method=java.security.MessageDigest$Delegate.clone()Ljava/lang/Object; @ 14
Event: 1291.436 Thread 0x000000001e1db000 Uncommon trap: reason=bimorphic action=maybe_recompile pc=0x0000000003262494 method=java.security.MessageDigest$Delegate.clone()Ljava/lang/Object; @ 14
Event: 1292.742 Thread 0x000000001f366000 Uncommon trap: reason=unstable_if action=reinterpret pc=0x0000000005681bec method=java.util.TimSort.countRunAndMakeAscending([Ljava/lang/Object;IILjava/util/Comparator;)I @ 27
Event: 1293.285 Thread 0x000000001e1d6800 Uncommon trap: reason=null_check action=make_not_entrant pc=0x0000000005593240 method=com.android.tools.r8.graph.e0.computeEquals(Ljava/lang/Object;)Z @ 1
Event: 1293.649 Thread 0x000000001e1d8000 Uncommon trap: reason=unstable_if action=reinterpret pc=0x0000000006026e58 method=com.android.tools.r8.ir.conversion.N.a(ILcom/android/tools/r8/u/b/p1;Lcom/android/tools/r8/u/b/n;Lcom/android/tools/r8/u/b/n$c;Lcom/android/tools/r8/u/b/Q0$a;)Lcom/android/t
Event: 1293.654 Thread 0x000000001e1d8000 Uncommon trap: reason=unstable_if action=reinterpret pc=0x0000000005c58d00 method=com.android.tools.r8.u.a.i.e.b(Lcom/android/tools/r8/u/b/h0;)V @ 11
Event: 1297.294 Thread 0x000000001e1d6800 Uncommon trap: reason=class_check action=maybe_recompile pc=0x000000000607d3d4 method=com.android.tools.r8.ir.optimize.o.b(Lcom/android/tools/r8/u/b/W;)V @ 270
Event: 1297.438 Thread 0x000000001e1d6800 Uncommon trap: reason=unstable_if action=reinterpret pc=0x000000000607b820 method=com.android.tools.r8.ir.optimize.o.b(Lcom/android/tools/r8/u/b/W;)V @ 220
Event: 1297.562 Thread 0x000000001f366000 Uncommon trap: reason=unstable_if action=reinterpret pc=0x000000000615f5ec method=com.android.tools.r8.ir.conversion.o.a(Lcom/android/tools/r8/ir/conversion/N;IIZ)V @ 245

Classes redefined (0 events):
No events

Internal exceptions (10 events):
Event: 1297.184 Thread 0x000000001f366000 Exception <a 'sun/nio/fs/WindowsException'> (0x00000000e54bc520) thrown at [C:\src\AOSP-openjdk-git\hotspot\src\share\vm\prims\jni.cpp, line 710]
Event: 1297.394 Thread 0x000000001e1d8800 Exception <a 'sun/nio/fs/WindowsException'> (0x00000000d79ac748) thrown at [C:\src\AOSP-openjdk-git\hotspot\src\share\vm\prims\jni.cpp, line 710]
Event: 1297.434 Thread 0x000000001e1d8000 Exception <a 'sun/nio/fs/WindowsException'> (0x00000000d7ef4750) thrown at [C:\src\AOSP-openjdk-git\hotspot\src\share\vm\prims\jni.cpp, line 710]
Event: 1297.555 Thread 0x000000001f366000 Exception <a 'sun/nio/fs/WindowsException'> (0x00000000d609b710) thrown at [C:\src\AOSP-openjdk-git\hotspot\src\share\vm\prims\jni.cpp, line 710]
Event: 1297.579 Thread 0x000000001f366000 Exception <a 'sun/nio/fs/WindowsException'> (0x00000000d9544508) thrown at [C:\src\AOSP-openjdk-git\hotspot\src\share\vm\prims\jni.cpp, line 710]
Event: 1297.900 Thread 0x000000001e1d8800 Exception <a 'sun/nio/fs/WindowsException'> (0x00000000d79daeb8) thrown at [C:\src\AOSP-openjdk-git\hotspot\src\share\vm\prims\jni.cpp, line 710]
Event: 1298.114 Thread 0x000000001f366000 Exception <a 'sun/nio/fs/WindowsException'> (0x00000000d95745c0) thrown at [C:\src\AOSP-openjdk-git\hotspot\src\share\vm\prims\jni.cpp, line 710]
Event: 1298.180 Thread 0x000000001e1d8000 Exception <a 'sun/nio/fs/WindowsException'> (0x00000000de85ab18) thrown at [C:\src\AOSP-openjdk-git\hotspot\src\share\vm\prims\jni.cpp, line 710]
Event: 1298.313 Thread 0x000000001e1d8800 Exception <a 'sun/nio/fs/WindowsException'> (0x00000000d7a49140) thrown at [C:\src\AOSP-openjdk-git\hotspot\src\share\vm\prims\jni.cpp, line 710]
Event: 1298.367 Thread 0x000000001e1d8800 Exception <a 'sun/nio/fs/WindowsException'> (0x00000000e294ece8) thrown at [C:\src\AOSP-openjdk-git\hotspot\src\share\vm\prims\jni.cpp, line 710]

Events (10 events):
Event: 1298.160 Thread 0x000000001e1d6800 DEOPT PACKING pc=0x000000000613bcb4 sp=0x0000000026a89b60
Event: 1298.160 Thread 0x000000001e1d6800 DEOPT UNPACKING pc=0x0000000002d575d0 sp=0x0000000026a89c20 mode 0
Event: 1298.310 Thread 0x000000001e1d6800 DEOPT PACKING pc=0x000000000613bff2 sp=0x0000000026a89720
Event: 1298.310 Thread 0x000000001e1d6800 DEOPT UNPACKING pc=0x0000000002d575d0 sp=0x0000000026a897e8 mode 0
Event: 1298.330 Thread 0x000000001e1d8800 DEOPT PACKING pc=0x000000000613bcb4 sp=0x0000000026c89820
Event: 1298.330 Thread 0x000000001e1d8800 DEOPT UNPACKING pc=0x0000000002d575d0 sp=0x0000000026c898e0 mode 0
Event: 1298.345 Thread 0x000000001e1d8000 DEOPT PACKING pc=0x000000000613bff2 sp=0x0000000026b89950
Event: 1298.345 Thread 0x000000001e1d8000 DEOPT UNPACKING pc=0x0000000002d575d0 sp=0x0000000026b89a18 mode 0
Event: 1298.365 Thread 0x000000001e1d8000 DEOPT PACKING pc=0x000000000613bcb4 sp=0x0000000026b89610
Event: 1298.365 Thread 0x000000001e1d8000 DEOPT UNPACKING pc=0x0000000002d575d0 sp=0x0000000026b896d0 mode 0


Dynamic libraries:
0x00007ff79bcc0000 - 0x00007ff79bcf1000 	C:\Program Files\Android\Android Studio\jre\bin\java.exe
0x00007ff93e7a0000 - 0x00007ff93e990000 	C:\WINDOWS\SYSTEM32\ntdll.dll
0x00007ff93d8a0000 - 0x00007ff93d952000 	C:\WINDOWS\System32\KERNEL32.DLL
0x00007ff93c2f0000 - 0x00007ff93c594000 	C:\WINDOWS\System32\KERNELBASE.dll
0x00007ff93d5f0000 - 0x00007ff93d693000 	C:\WINDOWS\System32\ADVAPI32.dll
0x00007ff93e050000 - 0x00007ff93e0ee000 	C:\WINDOWS\System32\msvcrt.dll
0x00007ff93d800000 - 0x00007ff93d897000 	C:\WINDOWS\System32\sechost.dll
0x00007ff93e600000 - 0x00007ff93e720000 	C:\WINDOWS\System32\RPCRT4.dll
0x00007ff93d3e0000 - 0x00007ff93d575000 	C:\WINDOWS\System32\USER32.dll
0x00007ff93c820000 - 0x00007ff93c841000 	C:\WINDOWS\System32\win32u.dll
0x00007ff93ca30000 - 0x00007ff93ca56000 	C:\WINDOWS\System32\GDI32.dll
0x00007ff93b820000 - 0x00007ff93b9b6000 	C:\WINDOWS\System32\gdi32full.dll
0x00007ff93c5a0000 - 0x00007ff93c63e000 	C:\WINDOWS\System32\msvcp_win.dll
0x00007ff93b720000 - 0x00007ff93b81a000 	C:\WINDOWS\System32\ucrtbase.dll
0x00007ff92fc50000 - 0x00007ff92fed4000 	C:\WINDOWS\WinSxS\amd64_microsoft.windows.common-controls_6595b64144ccf1df_6.0.18362.997_none_e6c5ba9b130e3151\COMCTL32.dll
0x00007ff93e110000 - 0x00007ff93e445000 	C:\WINDOWS\System32\combase.dll
0x00007ff93c250000 - 0x00007ff93c2d0000 	C:\WINDOWS\System32\bcryptPrimitives.dll
0x00007ff93e720000 - 0x00007ff93e74e000 	C:\WINDOWS\System32\IMM32.DLL
0x000000005eff0000 - 0x000000005f0c2000 	C:\Program Files\Android\Android Studio\jre\jre\bin\msvcr100.dll
0x000000005f1b0000 - 0x000000005f9fb000 	C:\Program Files\Android\Android Studio\jre\jre\bin\server\jvm.dll
0x00007ff93e4c0000 - 0x00007ff93e4c8000 	C:\WINDOWS\System32\PSAPI.DLL
0x00007ff9383e0000 - 0x00007ff9383e9000 	C:\WINDOWS\SYSTEM32\WSOCK32.dll
0x00007ff93e450000 - 0x00007ff93e4bf000 	C:\WINDOWS\System32\WS2_32.dll
0x00007ff9380f0000 - 0x00007ff938114000 	C:\WINDOWS\SYSTEM32\WINMM.dll
0x00007ff932690000 - 0x00007ff93269a000 	C:\WINDOWS\SYSTEM32\VERSION.dll
0x00007ff9380c0000 - 0x00007ff9380ed000 	C:\WINDOWS\SYSTEM32\WINMMBASE.dll
0x00007ff93b9c0000 - 0x00007ff93ba0a000 	C:\WINDOWS\System32\cfgmgr32.dll
0x00007ff938140000 - 0x00007ff93814f000 	C:\Program Files\Android\Android Studio\jre\jre\bin\verify.dll
0x00007ff918770000 - 0x00007ff918799000 	C:\Program Files\Android\Android Studio\jre\jre\bin\java.dll
0x00007ff92d710000 - 0x00007ff92d726000 	C:\Program Files\Android\Android Studio\jre\jre\bin\zip.dll
0x00007ff93d960000 - 0x00007ff93e047000 	C:\WINDOWS\System32\SHELL32.dll
0x00007ff93c8b0000 - 0x00007ff93c959000 	C:\WINDOWS\System32\shcore.dll
0x00007ff93ba10000 - 0x00007ff93c192000 	C:\WINDOWS\System32\windows.storage.dll
0x00007ff93b6b0000 - 0x00007ff93b6d3000 	C:\WINDOWS\System32\profapi.dll
0x00007ff93b660000 - 0x00007ff93b6aa000 	C:\WINDOWS\System32\powrprof.dll
0x00007ff93b650000 - 0x00007ff93b660000 	C:\WINDOWS\System32\UMPDC.dll
0x00007ff93c850000 - 0x00007ff93c8a2000 	C:\WINDOWS\System32\shlwapi.dll
0x00007ff93b6e0000 - 0x00007ff93b6f1000 	C:\WINDOWS\System32\kernel.appcore.dll
0x00007ff93c2d0000 - 0x00007ff93c2e7000 	C:\WINDOWS\System32\cryptsp.dll
0x00007ff9226e0000 - 0x00007ff9226fa000 	C:\Program Files\Android\Android Studio\jre\jre\bin\net.dll
0x00007ff93aeb0000 - 0x00007ff93af17000 	C:\WINDOWS\system32\mswsock.dll
0x00007ff91b070000 - 0x00007ff91b083000 	C:\Program Files\Android\Android Studio\jre\jre\bin\nio.dll
0x00007ff91b580000 - 0x00007ff91b5a6000 	C:\Users\hamat\.gradle\native\31\windows-amd64\native-platform.dll
0x00007ff935150000 - 0x00007ff93515d000 	C:\Program Files\Android\Android Studio\jre\jre\bin\management.dll
0x00007ff93aa20000 - 0x00007ff93aa53000 	C:\WINDOWS\system32\rsaenh.dll
0x00007ff93c790000 - 0x00007ff93c7b6000 	C:\WINDOWS\System32\bcrypt.dll
0x00007ff93b570000 - 0x00007ff93b595000 	C:\WINDOWS\SYSTEM32\USERENV.dll
0x00007ff93b080000 - 0x00007ff93b08c000 	C:\WINDOWS\SYSTEM32\CRYPTBASE.dll
0x00007ff93abc0000 - 0x00007ff93abfa000 	C:\WINDOWS\SYSTEM32\IPHLPAPI.DLL
0x00007ff93e750000 - 0x00007ff93e758000 	C:\WINDOWS\System32\NSI.dll
0x00007ff931510000 - 0x00007ff931526000 	C:\WINDOWS\SYSTEM32\dhcpcsvc6.DLL
0x00007ff931720000 - 0x00007ff93173c000 	C:\WINDOWS\SYSTEM32\dhcpcsvc.DLL
0x00007ff93ac00000 - 0x00007ff93accb000 	C:\WINDOWS\SYSTEM32\DNSAPI.dll

VM Arguments:
jvm_args: -Xmx2048m -Dfile.encoding=windows-1252 -Duser.country=US -Duser.language=en -Duser.variant 
java_command: org.gradle.launcher.daemon.bootstrap.GradleDaemon 6.1.1
java_class_path (initial): C:\Users\hamat\.gradle\wrapper\dists\gradle-6.1.1-all\cfmwm155h49vnt3hynmlrsdst\gradle-6.1.1\lib\gradle-launcher-6.1.1.jar
Launcher Type: SUN_STANDARD

Environment Variables:
PATH=C:\WINDOWS\system32;C:\WINDOWS;C:\WINDOWS\System32\Wbem;C:\WINDOWS\System32\WindowsPowerShell\v1.0\;C:\WINDOWS\System32\OpenSSH\;C:\Program Files (x86)\Android\sdk\platform-tools;C:\Program Files\Git\cmd;C:\Users\hamat\AppData\Local\Microsoft\WindowsApps;;C:\Users\hamat\AppData\Local\Programs\Microsoft VS Code\bin
USERNAME=hamat
OS=Windows_NT
PROCESSOR_IDENTIFIER=Intel64 Family 6 Model 69 Stepping 1, GenuineIntel



---------------  S Y S T E M  ---------------

OS: Windows 10.0 , 64 bit Build 18362 (10.0.18362.959)

CPU:total 4 (initial active 4) (2 cores per cpu, 2 threads per core) family 6 model 69 stepping 1, cmov, cx8, fxsr, mmx, sse, sse2, sse3, ssse3, sse4.1, sse4.2, popcnt, avx, avx2, aes, clmul, erms, lzcnt, ht, tsc, tscinvbit, bmi1, bmi2

Memory: 4k page, physical 8290116k(375720k free), swap 33455940k(4436k free)

vm_info: OpenJDK 64-Bit Server VM (25.242-b01) for windows-amd64 JRE (1.8.0_242-release-1644-b01), built by "builder" with MS VC++ 10.0 (VS2010)

time: Sat Sep 05 22:50:33 2020
timezone: W. Central Africa Standard Time
elapsed time: 1301 seconds (0d 0h 21m 41s)

